<?xml version="1.0" encoding="UTF-8"?>
<!-- Generated by org.testng.reporters.JUnitXMLReporter -->
<testsuite hostname="Rev-PF1JT47A" ignored="0" name="Holder Tests" tests="4" failures="1" timestamp="2022-01-04T11:36:49 EST" time="0.843" errors="0">
  <testcase name="checkMethodCallAndInputs" time="0.049" classname="com.revature.tests.holder.MockingAndStubbing">
    <failure type="org.mockito.exceptions.verification.ArgumentsAreDifferent" message="Argument(s) are different! Wanted:
maths.division(20, 4);
-&amp;gt; at com.revature.tests.holder.MockingAndStubbing.checkMethodCallAndInputs(MockingAndStubbing.java:45)
Actual invocations have different arguments:
maths.division(20, 5);
-&amp;gt; at dev.revature.holder.Calculator.evenOdd(Calculator.java:14)
">
      <![CDATA[org.mockito.exceptions.verification.ArgumentsAreDifferent: Argument(s) are different! Wanted:
maths.division(20, 4);
-> at com.revature.tests.holder.MockingAndStubbing.checkMethodCallAndInputs(MockingAndStubbing.java:45)
Actual invocations have different arguments:
maths.division(20, 5);
-> at dev.revature.holder.Calculator.evenOdd(Calculator.java:14)

at com.revature.tests.holder.MockingAndStubbing.checkMethodCallAndInputs(MockingAndStubbing.java:45)
at java.util.ArrayList.forEach(ArrayList.java:1257)
at com.intellij.rt.testng.IDEARemoteTestNG.run(IDEARemoteTestNG.java:66)
at com.intellij.rt.testng.RemoteTestNGStarter.main(RemoteTestNGStarter.java:109)
... Removed 24 stack frames]]>
    </failure>
  </testcase> <!-- checkMethodCallAndInputs -->
  <testcase name="checkNumberOfMethodCalls" time="0.003" classname="com.revature.tests.holder.MockingAndStubbing"/>
  <testcase name="controlReturnValueWithStubbing" time="0.008" classname="com.revature.tests.holder.MockingAndStubbing"/>
  <testcase name="determineReturnValue" time="0.001" classname="com.revature.tests.holder.MockingAndStubbing"/>
</testsuite> <!-- Holder Tests -->
